2020-11-19 20:12:40.124+0000 [id=1]	INFO	org.eclipse.jetty.util.log.Log#initialized: Logging initialized @445ms to org.eclipse.jetty.util.log.JavaUtilLog
2020-11-19 20:12:40.206+0000 [id=1]	INFO	winstone.Logger#logInternal: Beginning extraction from war file
2020-11-19 20:12:40.227+0000 [id=1]	WARNING	o.e.j.s.handler.ContextHandler#setContextPath: Empty contextPath
2020-11-19 20:12:40.266+0000 [id=1]	INFO	org.eclipse.jetty.server.Server#doStart: jetty-9.4.33.v20201020; built: 2020-10-20T23:39:24.803Z; git: 1be68755656cef678b79a2ef1c2ebbca99e25420; jvm 1.8.0_181-b13
2020-11-19 20:12:40.848+0000 [id=1]	INFO	o.e.j.w.StandardDescriptorProcessor#visitServlet: NO JSP Support for /, did not find org.eclipse.jetty.jsp.JettyJspServlet
2020-11-19 20:12:40.879+0000 [id=1]	INFO	o.e.j.s.s.DefaultSessionIdManager#doStart: DefaultSessionIdManager workerName=node0
2020-11-19 20:12:40.879+0000 [id=1]	INFO	o.e.j.s.s.DefaultSessionIdManager#doStart: No SessionScavenger set, using defaults
2020-11-19 20:12:40.879+0000 [id=1]	INFO	o.e.j.server.session.HouseKeeper#startScavenging: node0 Scavenging every 600000ms
2020-11-19 20:12:41.180+0000 [id=1]	INFO	hudson.WebAppMain#contextInitialized: Jenkins home directory: C:\WINDOWS\system32\config\systemprofile\AppData\Local\Jenkins\.jenkins found at: EnvVars.masterEnvVars.get("JENKINS_HOME")
2020-11-19 20:12:41.234+0000 [id=1]	INFO	o.e.j.s.handler.ContextHandler#doStart: Started w.@4bf48f6{Jenkins v2.267,/,file:///C:/Windows/System32/config/systemprofile/AppData/Local/Jenkins/war/,AVAILABLE}{C:\WINDOWS\system32\config\systemprofile\AppData\Local\Jenkins\war}
2020-11-19 20:12:41.249+0000 [id=1]	INFO	o.e.j.server.AbstractConnector#doStart: Started ServerConnector@68837a77{HTTP/1.1, (http/1.1)}{0.0.0.0:8080}
2020-11-19 20:12:41.249+0000 [id=1]	INFO	org.eclipse.jetty.server.Server#doStart: Started @1581ms
2020-11-19 20:12:41.249+0000 [id=23]	INFO	winstone.Logger#logInternal: Winstone Servlet Engine running: controlPort=disabled
2020-11-19 20:12:42.050+0000 [id=30]	INFO	jenkins.InitReactorRunner$1#onAttained: Started initialization
2020-11-19 20:12:42.086+0000 [id=43]	INFO	jenkins.InitReactorRunner$1#onAttained: Listed all plugins
2020-11-19 20:12:43.490+0000 [id=40]	INFO	jenkins.InitReactorRunner$1#onAttained: Prepared all plugins
2020-11-19 20:12:43.494+0000 [id=41]	INFO	jenkins.InitReactorRunner$1#onAttained: Started all plugins
2020-11-19 20:12:43.502+0000 [id=30]	INFO	jenkins.InitReactorRunner$1#onAttained: Augmented all extensions
2020-11-19 20:12:43.737+0000 [id=34]	INFO	jenkins.InitReactorRunner$1#onAttained: System config loaded
2020-11-19 20:12:43.738+0000 [id=34]	INFO	jenkins.InitReactorRunner$1#onAttained: System config adapted
2020-11-19 20:12:43.738+0000 [id=34]	INFO	jenkins.InitReactorRunner$1#onAttained: Loaded all jobs
2020-11-19 20:12:43.738+0000 [id=34]	INFO	jenkins.InitReactorRunner$1#onAttained: Configuration for all jobs updated
2020-11-19 20:12:43.754+0000 [id=57]	INFO	hudson.model.AsyncPeriodicWork#lambda$doRun$0: Started Download metadata
2020-11-19 20:12:43.760+0000 [id=57]	INFO	hudson.model.AsyncPeriodicWork#lambda$doRun$0: Finished Download metadata. 4 ms
2020-11-19 20:12:43.821+0000 [id=16]	WARNING	h.i.i.InstallUncaughtExceptionHandler#handleException: Caught unhandled exception with ID 8ca9a105-9267-4498-a77d-e6af6bcf4447
hudson.security.AccessDeniedException3: anonymous is missing the Overall/Administer permission
	at hudson.security.ACL.checkPermission(ACL.java:79)
	at hudson.security.AccessControlled.checkPermission(AccessControlled.java:47)
	at jenkins.install.SetupWizard$1.doFilter(SetupWizard.java:738)
	at hudson.util.PluginServletFilter$1.doFilter(PluginServletFilter.java:151)
	at jenkins.telemetry.impl.UserLanguages$AcceptLanguageFilter.doFilter(UserLanguages.java:129)
	at hudson.util.PluginServletFilter$1.doFilter(PluginServletFilter.java:151)
	at jenkins.security.ResourceDomainFilter.doFilter(ResourceDomainFilter.java:76)
	at hudson.util.PluginServletFilter$1.doFilter(PluginServletFilter.java:151)
	at hudson.util.PluginServletFilter.doFilter(PluginServletFilter.java:157)
	at org.eclipse.jetty.servlet.FilterHolder.doFilter(FilterHolder.java:193)
	at org.eclipse.jetty.servlet.ServletHandler$Chain.doFilter(ServletHandler.java:1609)
	at hudson.security.csrf.CrumbFilter.doFilter(CrumbFilter.java:159)
	at org.eclipse.jetty.servlet.FilterHolder.doFilter(FilterHolder.java:193)
	at org.eclipse.jetty.servlet.ServletHandler$Chain.doFilter(ServletHandler.java:1609)
	at hudson.security.HudsonFilter.doFilter(HudsonFilter.java:166)
	at org.eclipse.jetty.servlet.FilterHolder.doFilter(FilterHolder.java:193)
	at org.eclipse.jetty.servlet.ServletHandler$Chain.doFilter(ServletHandler.java:1609)
	at org.kohsuke.stapler.compression.CompressionFilter.doFilter(CompressionFilter.java:51)
	at org.eclipse.jetty.servlet.FilterHolder.doFilter(FilterHolder.java:193)
	at org.eclipse.jetty.servlet.ServletHandler$Chain.doFilter(ServletHandler.java:1609)
	at hudson.util.CharacterEncodingFilter.doFilter(CharacterEncodingFilter.java:82)
	at org.eclipse.jetty.servlet.FilterHolder.doFilter(FilterHolder.java:193)
	at org.eclipse.jetty.servlet.ServletHandler$Chain.doFilter(ServletHandler.java:1609)
	at org.kohsuke.stapler.DiagnosticThreadNameFilter.doFilter(DiagnosticThreadNameFilter.java:30)
	at org.eclipse.jetty.servlet.FilterHolder.doFilter(FilterHolder.java:193)
	at org.eclipse.jetty.servlet.ServletHandler$Chain.doFilter(ServletHandler.java:1609)
	at jenkins.security.SuspiciousRequestFilter.doFilter(SuspiciousRequestFilter.java:36)
	at org.eclipse.jetty.servlet.FilterHolder.doFilter(FilterHolder.java:193)
	at org.eclipse.jetty.servlet.ServletHandler$Chain.doFilter(ServletHandler.java:1609)
	at org.eclipse.jetty.servlet.ServletHandler.doHandle(ServletHandler.java:561)
	at org.eclipse.jetty.server.handler.ScopedHandler.handle(ScopedHandler.java:143)
	at org.eclipse.jetty.security.SecurityHandler.handle(SecurityHandler.java:578)
	at org.eclipse.jetty.server.handler.HandlerWrapper.handle(HandlerWrapper.java:127)
	at org.eclipse.jetty.server.handler.ScopedHandler.nextHandle(ScopedHandler.java:235)
	at org.eclipse.jetty.server.session.SessionHandler.doHandle(SessionHandler.java:1612)
	at org.eclipse.jetty.server.handler.ScopedHandler.nextHandle(ScopedHandler.java:233)
	at org.eclipse.jetty.server.handler.ContextHandler.doHandle(ContextHandler.java:1434)
	at org.eclipse.jetty.server.handler.ScopedHandler.nextScope(ScopedHandler.java:188)
	at org.eclipse.jetty.servlet.ServletHandler.doScope(ServletHandler.java:501)
	at org.eclipse.jetty.server.session.SessionHandler.doScope(SessionHandler.java:1582)
	at org.eclipse.jetty.server.handler.ScopedHandler.nextScope(ScopedHandler.java:186)
	at org.eclipse.jetty.server.handler.ContextHandler.doScope(ContextHandler.java:1349)
	at org.eclipse.jetty.server.handler.ScopedHandler.handle(ScopedHandler.java:141)
	at org.eclipse.jetty.server.handler.HandlerWrapper.handle(HandlerWrapper.java:127)
	at org.eclipse.jetty.server.Server.handle(Server.java:516)
	at org.eclipse.jetty.server.HttpChannel.lambda$handle$1(HttpChannel.java:383)
	at org.eclipse.jetty.server.HttpChannel.dispatch(HttpChannel.java:556)
	at org.eclipse.jetty.server.HttpChannel.handle(HttpChannel.java:375)
	at org.eclipse.jetty.server.HttpConnection.onFillable(HttpConnection.java:273)
	at org.eclipse.jetty.io.AbstractConnection$ReadCallback.succeeded(AbstractConnection.java:311)
	at org.eclipse.jetty.io.FillInterest.fillable(FillInterest.java:105)
	at org.eclipse.jetty.io.ChannelEndPoint$1.run(ChannelEndPoint.java:104)
	at org.eclipse.jetty.util.thread.QueuedThreadPool.runJob(QueuedThreadPool.java:773)
	at org.eclipse.jetty.util.thread.QueuedThreadPool$Runner.run(QueuedThreadPool.java:905)
	at java.lang.Thread.run(Thread.java:748)
2020-11-19 20:12:43.948+0000 [id=39]	INFO	jenkins.InitReactorRunner$1#onAttained: Completed initialization
2020-11-19 20:12:43.962+0000 [id=22]	INFO	hudson.WebAppMain$3#run: Jenkins is fully up and running
2020-11-19 20:21:27.228+0000 [id=67]	INFO	hudson.PluginManager#install: Starting installation of a batch of 19 plugins plus their dependencies
2020-11-19 20:21:27.229+0000 [id=67]	INFO	hudson.model.UpdateSite$Plugin#deploy: Adding dependent install of trilead-api for plugin antisamy-markup-formatter
2020-11-19 20:21:27.229+0000 [id=84]	INFO	h.model.UpdateCenter$DownloadJob#run: Starting the installation of cloudbees-folder on behalf of admin
2020-11-19 20:21:27.230+0000 [id=67]	INFO	hudson.model.UpdateSite$Plugin#deploy: Adding dependent install of token-macro for plugin build-timeout
2020-11-19 20:21:27.230+0000 [id=67]	INFO	hudson.model.UpdateSite$Plugin#deploy: Adding dependent install of structs for plugin token-macro
2020-11-19 20:21:27.230+0000 [id=67]	INFO	hudson.model.UpdateSite$Plugin#deploy: Adding dependent install of jdk-tool for plugin structs
2020-11-19 20:21:27.230+0000 [id=67]	INFO	hudson.model.UpdateSite$Plugin#deploy: Adding dependent install of workflow-step-api for plugin token-macro
2020-11-19 20:21:27.230+0000 [id=67]	INFO	hudson.model.UpdateSite$Plugin#deploy: Adding dependent install of plain-credentials for plugin credentials-binding
2020-11-19 20:21:27.231+0000 [id=67]	INFO	hudson.model.UpdateSite$Plugin#deploy: Adding dependent install of credentials for plugin plain-credentials
2020-11-19 20:21:27.231+0000 [id=67]	INFO	hudson.model.UpdateSite$Plugin#deploy: Adding dependent install of ssh-credentials for plugin credentials-binding
2020-11-19 20:21:27.231+0000 [id=67]	INFO	hudson.model.UpdateSite$Plugin#deploy: Adding dependent install of workflow-api for plugin timestamper
2020-11-19 20:21:27.231+0000 [id=67]	INFO	hudson.model.UpdateSite$Plugin#deploy: Adding dependent install of scm-api for plugin workflow-api
2020-11-19 20:21:27.231+0000 [id=67]	INFO	hudson.model.UpdateSite$Plugin#deploy: Adding dependent install of script-security for plugin ws-cleanup
2020-11-19 20:21:27.231+0000 [id=67]	INFO	hudson.model.UpdateSite$Plugin#deploy: Adding dependent install of workflow-durable-task-step for plugin ws-cleanup
2020-11-19 20:21:27.232+0000 [id=67]	INFO	hudson.model.UpdateSite$Plugin#deploy: Adding dependent install of workflow-support for plugin workflow-durable-task-step
2020-11-19 20:21:27.232+0000 [id=67]	INFO	hudson.model.UpdateSite$Plugin#deploy: Adding dependent install of durable-task for plugin workflow-durable-task-step
2020-11-19 20:21:27.232+0000 [id=67]	INFO	hudson.model.UpdateSite$Plugin#deploy: Adding dependent install of matrix-project for plugin ws-cleanup
2020-11-19 20:21:27.232+0000 [id=67]	INFO	hudson.model.UpdateSite$Plugin#deploy: Adding dependent install of junit for plugin matrix-project
2020-11-19 20:21:27.232+0000 [id=67]	INFO	hudson.model.UpdateSite$Plugin#deploy: Adding dependent install of bootstrap4-api for plugin junit
2020-11-19 20:21:27.232+0000 [id=67]	INFO	hudson.model.UpdateSite$Plugin#deploy: Adding dependent install of font-awesome-api for plugin bootstrap4-api
2020-11-19 20:21:27.232+0000 [id=67]	INFO	hudson.model.UpdateSite$Plugin#deploy: Adding dependent install of plugin-util-api for plugin font-awesome-api
2020-11-19 20:21:27.232+0000 [id=67]	INFO	hudson.model.UpdateSite$Plugin#deploy: Adding dependent install of popper-api for plugin bootstrap4-api
2020-11-19 20:21:27.232+0000 [id=67]	INFO	hudson.model.UpdateSite$Plugin#deploy: Adding dependent install of jquery3-api for plugin bootstrap4-api
2020-11-19 20:21:27.232+0000 [id=67]	INFO	hudson.model.UpdateSite$Plugin#deploy: Adding dependent install of jackson2-api for plugin junit
2020-11-19 20:21:27.232+0000 [id=67]	INFO	hudson.model.UpdateSite$Plugin#deploy: Adding dependent install of snakeyaml-api for plugin jackson2-api
2020-11-19 20:21:27.232+0000 [id=67]	INFO	hudson.model.UpdateSite$Plugin#deploy: Adding dependent install of echarts-api for plugin junit
2020-11-19 20:21:27.232+0000 [id=67]	INFO	hudson.model.UpdateSite$Plugin#deploy: Adding dependent install of display-url-api for plugin junit
2020-11-19 20:21:27.232+0000 [id=67]	INFO	hudson.model.UpdateSite$Plugin#deploy: Adding dependent install of checks-api for plugin junit
2020-11-19 20:21:27.232+0000 [id=67]	INFO	hudson.model.UpdateSite$Plugin#deploy: Adding dependent install of resource-disposer for plugin ws-cleanup
2020-11-19 20:21:27.232+0000 [id=67]	INFO	hudson.model.UpdateSite$Plugin#deploy: Adding dependent install of command-launcher for plugin resource-disposer
2020-11-19 20:21:27.233+0000 [id=67]	INFO	hudson.model.UpdateSite$Plugin#deploy: Adding dependent install of workflow-cps for plugin gradle
2020-11-19 20:21:27.233+0000 [id=67]	INFO	hudson.model.UpdateSite$Plugin#deploy: Adding dependent install of ace-editor for plugin workflow-cps
2020-11-19 20:21:27.233+0000 [id=67]	INFO	hudson.model.UpdateSite$Plugin#deploy: Adding dependent install of bouncycastle-api for plugin ace-editor
2020-11-19 20:21:27.233+0000 [id=67]	INFO	hudson.model.UpdateSite$Plugin#deploy: Adding dependent install of workflow-scm-step for plugin workflow-cps
2020-11-19 20:21:27.233+0000 [id=67]	INFO	hudson.model.UpdateSite$Plugin#deploy: Adding dependent install of workflow-job for plugin gradle
2020-11-19 20:21:27.233+0000 [id=67]	INFO	hudson.model.UpdateSite$Plugin#deploy: Adding dependent install of workflow-basic-steps for plugin gradle
2020-11-19 20:21:27.234+0000 [id=67]	INFO	hudson.model.UpdateSite$Plugin#deploy: Adding dependent install of mailer for plugin workflow-basic-steps
2020-11-19 20:21:27.234+0000 [id=67]	INFO	hudson.model.UpdateSite$Plugin#deploy: Adding dependent install of apache-httpcomponents-client-4-api for plugin workflow-basic-steps
2020-11-19 20:21:27.234+0000 [id=67]	INFO	hudson.model.UpdateSite$Plugin#deploy: Adding dependent install of pipeline-milestone-step for plugin workflow-aggregator
2020-11-19 20:21:27.234+0000 [id=67]	INFO	hudson.model.UpdateSite$Plugin#deploy: Adding dependent install of pipeline-stage-view for plugin workflow-aggregator
2020-11-19 20:21:27.234+0000 [id=67]	INFO	hudson.model.UpdateSite$Plugin#deploy: Adding dependent install of jquery-detached for plugin pipeline-stage-view
2020-11-19 20:21:27.235+0000 [id=67]	INFO	hudson.model.UpdateSite$Plugin#deploy: Adding dependent install of pipeline-rest-api for plugin pipeline-stage-view
2020-11-19 20:21:27.235+0000 [id=67]	INFO	hudson.model.UpdateSite$Plugin#deploy: Adding dependent install of pipeline-graph-analysis for plugin pipeline-rest-api
2020-11-19 20:21:27.235+0000 [id=67]	INFO	hudson.model.UpdateSite$Plugin#deploy: Adding dependent install of pipeline-input-step for plugin pipeline-graph-analysis
2020-11-19 20:21:27.235+0000 [id=67]	INFO	hudson.model.UpdateSite$Plugin#deploy: Adding dependent install of pipeline-stage-step for plugin pipeline-graph-analysis
2020-11-19 20:21:27.235+0000 [id=67]	INFO	hudson.model.UpdateSite$Plugin#deploy: Adding dependent install of handlebars for plugin pipeline-stage-view
2020-11-19 20:21:27.236+0000 [id=67]	INFO	hudson.model.UpdateSite$Plugin#deploy: Adding dependent install of momentjs for plugin pipeline-stage-view
2020-11-19 20:21:27.236+0000 [id=67]	INFO	hudson.model.UpdateSite$Plugin#deploy: Adding dependent install of pipeline-build-step for plugin workflow-aggregator
2020-11-19 20:21:27.236+0000 [id=67]	INFO	hudson.model.UpdateSite$Plugin#deploy: Adding dependent install of pipeline-model-definition for plugin workflow-aggregator
2020-11-19 20:21:27.236+0000 [id=67]	INFO	hudson.model.UpdateSite$Plugin#deploy: Adding dependent install of pipeline-model-extensions for plugin pipeline-model-definition
2020-11-19 20:21:27.236+0000 [id=67]	INFO	hudson.model.UpdateSite$Plugin#deploy: Adding dependent install of pipeline-model-api for plugin pipeline-model-extensions
2020-11-19 20:21:27.236+0000 [id=67]	INFO	hudson.model.UpdateSite$Plugin#deploy: Adding dependent install of workflow-cps-global-lib for plugin pipeline-model-definition
2020-11-19 20:21:27.237+0000 [id=67]	INFO	hudson.model.UpdateSite$Plugin#deploy: Adding dependent install of git-server for plugin workflow-cps-global-lib
2020-11-19 20:21:27.237+0000 [id=67]	INFO	hudson.model.UpdateSite$Plugin#deploy: Adding dependent install of git-client for plugin git-server
2020-11-19 20:21:27.237+0000 [id=67]	INFO	hudson.model.UpdateSite$Plugin#deploy: Adding dependent install of jsch for plugin git-client
2020-11-19 20:21:27.237+0000 [id=67]	INFO	hudson.model.UpdateSite$Plugin#deploy: Adding dependent install of workflow-multibranch for plugin pipeline-model-definition
2020-11-19 20:21:27.237+0000 [id=67]	INFO	hudson.model.UpdateSite$Plugin#deploy: Adding dependent install of branch-api for plugin workflow-multibranch
2020-11-19 20:21:27.239+0000 [id=67]	INFO	hudson.model.UpdateSite$Plugin#deploy: Adding dependent install of pipeline-stage-tags-metadata for plugin pipeline-model-definition
2020-11-19 20:21:27.239+0000 [id=67]	INFO	hudson.model.UpdateSite$Plugin#deploy: Adding dependent install of lockable-resources for plugin workflow-aggregator
2020-11-19 20:21:27.239+0000 [id=67]	INFO	hudson.model.UpdateSite$Plugin#deploy: Adding dependent install of github-api for plugin github-branch-source
2020-11-19 20:21:27.239+0000 [id=67]	INFO	hudson.model.UpdateSite$Plugin#deploy: Adding dependent install of okhttp-api for plugin github-api
2020-11-19 20:21:27.239+0000 [id=67]	INFO	hudson.model.UpdateSite$Plugin#deploy: Adding dependent install of github for plugin github-branch-source
2020-11-19 20:21:27.239+0000 [id=67]	INFO	hudson.model.UpdateSite$Plugin#deploy: Adding dependent install of git for plugin github
2020-11-19 20:21:31.705+0000 [id=84]	INFO	h.m.UpdateCenter$UpdateCenterConfiguration#download: Downloading cloudbees-folder
2020-11-19 20:21:32.882+0000 [id=84]	INFO	h.model.UpdateCenter$DownloadJob#run: Installation successful: cloudbees-folder
2020-11-19 20:21:32.882+0000 [id=84]	INFO	h.model.UpdateCenter$DownloadJob#run: Starting the installation of trilead-api on behalf of admin
2020-11-19 20:21:34.844+0000 [id=84]	INFO	h.m.UpdateCenter$UpdateCenterConfiguration#download: Downloading trilead-api
2020-11-19 20:21:35.613+0000 [id=84]	INFO	h.model.UpdateCenter$DownloadJob#run: Installation successful: trilead-api
2020-11-19 20:21:35.613+0000 [id=84]	INFO	h.model.UpdateCenter$DownloadJob#run: Starting the installation of antisamy-markup-formatter on behalf of admin
2020-11-19 20:21:37.590+0000 [id=84]	INFO	h.m.UpdateCenter$UpdateCenterConfiguration#download: Downloading antisamy-markup-formatter
2020-11-19 20:21:39.468+0000 [id=84]	INFO	h.model.UpdateCenter$DownloadJob#run: Installation successful: antisamy-markup-formatter
2020-11-19 20:21:39.468+0000 [id=84]	INFO	h.model.UpdateCenter$DownloadJob#run: Starting the installation of jdk-tool on behalf of admin
2020-11-19 20:21:41.446+0000 [id=84]	INFO	h.m.UpdateCenter$UpdateCenterConfiguration#download: Downloading jdk-tool
2020-11-19 20:21:41.500+0000 [id=84]	INFO	h.model.UpdateCenter$DownloadJob#run: Installation successful: jdk-tool
2020-11-19 20:21:41.500+0000 [id=84]	INFO	h.model.UpdateCenter$DownloadJob#run: Starting the installation of structs on behalf of admin
2020-11-19 20:21:43.508+0000 [id=84]	INFO	h.m.UpdateCenter$UpdateCenterConfiguration#download: Downloading structs
2020-11-19 20:21:43.558+0000 [id=84]	INFO	h.model.UpdateCenter$DownloadJob#run: Installation successful: structs
2020-11-19 20:21:43.558+0000 [id=84]	INFO	h.model.UpdateCenter$DownloadJob#run: Starting the installation of workflow-step-api on behalf of admin
2020-11-19 20:21:45.554+0000 [id=84]	INFO	h.m.UpdateCenter$UpdateCenterConfiguration#download: Downloading workflow-step-api
2020-11-19 20:21:45.603+0000 [id=84]	INFO	h.model.UpdateCenter$DownloadJob#run: Installation successful: workflow-step-api
2020-11-19 20:21:45.603+0000 [id=84]	INFO	h.model.UpdateCenter$DownloadJob#run: Starting the installation of token-macro on behalf of admin
2020-11-19 20:21:47.689+0000 [id=84]	INFO	h.m.UpdateCenter$UpdateCenterConfiguration#download: Downloading token-macro
2020-11-19 20:21:48.130+0000 [id=84]	INFO	h.model.UpdateCenter$DownloadJob#run: Installation successful: token-macro
2020-11-19 20:21:48.130+0000 [id=84]	INFO	h.model.UpdateCenter$DownloadJob#run: Starting the installation of build-timeout on behalf of admin
2020-11-19 20:21:50.131+0000 [id=84]	INFO	h.m.UpdateCenter$UpdateCenterConfiguration#download: Downloading build-timeout
2020-11-19 20:21:50.214+0000 [id=84]	INFO	h.model.UpdateCenter$DownloadJob#run: Installation successful: build-timeout
2020-11-19 20:21:50.214+0000 [id=84]	INFO	h.model.UpdateCenter$DownloadJob#run: Starting the installation of credentials on behalf of admin
2020-11-19 20:21:52.125+0000 [id=84]	INFO	h.m.UpdateCenter$UpdateCenterConfiguration#download: Downloading credentials
2020-11-19 20:21:52.753+0000 [id=84]	INFO	h.model.UpdateCenter$DownloadJob#run: Installation successful: credentials
2020-11-19 20:21:52.753+0000 [id=84]	INFO	h.model.UpdateCenter$DownloadJob#run: Starting the installation of plain-credentials on behalf of admin
2020-11-19 20:21:54.750+0000 [id=84]	INFO	h.m.UpdateCenter$UpdateCenterConfiguration#download: Downloading plain-credentials
2020-11-19 20:21:54.775+0000 [id=84]	INFO	h.model.UpdateCenter$DownloadJob#run: Installation successful: plain-credentials
2020-11-19 20:21:54.775+0000 [id=84]	INFO	h.model.UpdateCenter$DownloadJob#run: Starting the installation of ssh-credentials on behalf of admin
2020-11-19 20:21:56.737+0000 [id=84]	INFO	h.m.UpdateCenter$UpdateCenterConfiguration#download: Downloading ssh-credentials
2020-11-19 20:21:56.812+0000 [id=84]	INFO	h.model.UpdateCenter$DownloadJob#run: Installation successful: ssh-credentials
2020-11-19 20:21:56.812+0000 [id=84]	INFO	h.model.UpdateCenter$DownloadJob#run: Starting the installation of credentials-binding on behalf of admin
2020-11-19 20:21:59.065+0000 [id=84]	INFO	h.m.UpdateCenter$UpdateCenterConfiguration#download: Downloading credentials-binding
2020-11-19 20:21:59.140+0000 [id=84]	INFO	h.model.UpdateCenter$DownloadJob#run: Installation successful: credentials-binding
2020-11-19 20:21:59.140+0000 [id=84]	INFO	h.model.UpdateCenter$DownloadJob#run: Starting the installation of scm-api on behalf of admin
2020-11-19 20:22:01.155+0000 [id=84]	INFO	h.m.UpdateCenter$UpdateCenterConfiguration#download: Downloading scm-api
2020-11-19 20:22:01.404+0000 [id=84]	INFO	h.model.UpdateCenter$DownloadJob#run: Installation successful: scm-api
2020-11-19 20:22:01.404+0000 [id=84]	INFO	h.model.UpdateCenter$DownloadJob#run: Starting the installation of workflow-api on behalf of admin
2020-11-19 20:22:03.851+0000 [id=84]	INFO	h.m.UpdateCenter$UpdateCenterConfiguration#download: Downloading workflow-api
2020-11-19 20:22:04.064+0000 [id=84]	INFO	h.model.UpdateCenter$DownloadJob#run: Installation successful: workflow-api
2020-11-19 20:22:04.064+0000 [id=84]	INFO	h.model.UpdateCenter$DownloadJob#run: Starting the installation of timestamper on behalf of admin
2020-11-19 20:22:06.066+0000 [id=84]	INFO	h.m.UpdateCenter$UpdateCenterConfiguration#download: Downloading timestamper
2020-11-19 20:22:06.466+0000 [id=84]	INFO	h.model.UpdateCenter$DownloadJob#run: Installation successful: timestamper
2020-11-19 20:22:06.466+0000 [id=84]	INFO	h.model.UpdateCenter$DownloadJob#run: Starting the installation of script-security on behalf of admin
2020-11-19 20:22:08.432+0000 [id=84]	INFO	h.m.UpdateCenter$UpdateCenterConfiguration#download: Downloading script-security
2020-11-19 20:22:08.947+0000 [id=84]	INFO	h.model.UpdateCenter$DownloadJob#run: Installation successful: script-security
2020-11-19 20:22:08.947+0000 [id=84]	INFO	h.model.UpdateCenter$DownloadJob#run: Starting the installation of workflow-support on behalf of admin
2020-11-19 20:22:10.920+0000 [id=84]	INFO	h.m.UpdateCenter$UpdateCenterConfiguration#download: Downloading workflow-support
2020-11-19 20:22:11.165+0000 [id=84]	INFO	h.model.UpdateCenter$DownloadJob#run: Installation successful: workflow-support
2020-11-19 20:22:11.165+0000 [id=84]	INFO	h.model.UpdateCenter$DownloadJob#run: Starting the installation of durable-task on behalf of admin
2020-11-19 20:22:13.084+0000 [id=84]	INFO	h.m.UpdateCenter$UpdateCenterConfiguration#download: Downloading durable-task
2020-11-19 20:22:14.835+0000 [id=84]	INFO	h.model.UpdateCenter$DownloadJob#run: Installation successful: durable-task
2020-11-19 20:22:14.835+0000 [id=84]	INFO	h.model.UpdateCenter$DownloadJob#run: Starting the installation of workflow-durable-task-step on behalf of admin
2020-11-19 20:22:16.838+0000 [id=84]	INFO	h.m.UpdateCenter$UpdateCenterConfiguration#download: Downloading workflow-durable-task-step
2020-11-19 20:22:16.956+0000 [id=84]	INFO	h.model.UpdateCenter$DownloadJob#run: Installation successful: workflow-durable-task-step
2020-11-19 20:22:16.956+0000 [id=84]	INFO	h.model.UpdateCenter$DownloadJob#run: Starting the installation of plugin-util-api on behalf of admin
2020-11-19 20:22:18.975+0000 [id=84]	INFO	h.m.UpdateCenter$UpdateCenterConfiguration#download: Downloading plugin-util-api
2020-11-19 20:22:19.312+0000 [id=84]	INFO	h.model.UpdateCenter$DownloadJob#run: Installation successful: plugin-util-api
2020-11-19 20:22:19.312+0000 [id=84]	INFO	h.model.UpdateCenter$DownloadJob#run: Starting the installation of font-awesome-api on behalf of admin
2020-11-19 20:22:21.330+0000 [id=84]	INFO	h.m.UpdateCenter$UpdateCenterConfiguration#download: Downloading font-awesome-api
2020-11-19 20:22:21.550+0000 [id=84]	INFO	h.model.UpdateCenter$DownloadJob#run: Installation successful: font-awesome-api
2020-11-19 20:22:21.550+0000 [id=84]	INFO	h.model.UpdateCenter$DownloadJob#run: Starting the installation of popper-api on behalf of admin
2020-11-19 20:22:23.613+0000 [id=84]	INFO	h.m.UpdateCenter$UpdateCenterConfiguration#download: Downloading popper-api
2020-11-19 20:22:23.946+0000 [id=84]	INFO	h.model.UpdateCenter$DownloadJob#run: Installation successful: popper-api
2020-11-19 20:22:23.946+0000 [id=84]	INFO	h.model.UpdateCenter$DownloadJob#run: Starting the installation of jquery3-api on behalf of admin
2020-11-19 20:22:25.921+0000 [id=84]	INFO	h.m.UpdateCenter$UpdateCenterConfiguration#download: Downloading jquery3-api
2020-11-19 20:22:26.361+0000 [id=84]	INFO	h.model.UpdateCenter$DownloadJob#run: Installation successful: jquery3-api
2020-11-19 20:22:26.361+0000 [id=84]	INFO	h.model.UpdateCenter$DownloadJob#run: Starting the installation of bootstrap4-api on behalf of admin
2020-11-19 20:22:28.459+0000 [id=84]	INFO	h.m.UpdateCenter$UpdateCenterConfiguration#download: Downloading bootstrap4-api
2020-11-19 20:22:28.842+0000 [id=84]	INFO	h.model.UpdateCenter$DownloadJob#run: Installation successful: bootstrap4-api
2020-11-19 20:22:28.842+0000 [id=84]	INFO	h.model.UpdateCenter$DownloadJob#run: Starting the installation of snakeyaml-api on behalf of admin
2020-11-19 20:22:30.878+0000 [id=84]	INFO	h.m.UpdateCenter$UpdateCenterConfiguration#download: Downloading snakeyaml-api
2020-11-19 20:22:31.034+0000 [id=84]	INFO	h.model.UpdateCenter$DownloadJob#run: Installation successful: snakeyaml-api
2020-11-19 20:22:31.034+0000 [id=84]	INFO	h.model.UpdateCenter$DownloadJob#run: Starting the installation of jackson2-api on behalf of admin
2020-11-19 20:22:33.187+0000 [id=84]	INFO	h.m.UpdateCenter$UpdateCenterConfiguration#download: Downloading jackson2-api
2020-11-19 20:22:34.167+0000 [id=84]	INFO	h.model.UpdateCenter$DownloadJob#run: Installation successful: jackson2-api
2020-11-19 20:22:34.167+0000 [id=84]	INFO	h.model.UpdateCenter$DownloadJob#run: Starting the installation of echarts-api on behalf of admin
2020-11-19 20:22:36.126+0000 [id=84]	INFO	h.m.UpdateCenter$UpdateCenterConfiguration#download: Downloading echarts-api
2020-11-19 20:22:43.432+0000 [id=84]	INFO	h.model.UpdateCenter$DownloadJob#run: Installation successful: echarts-api
2020-11-19 20:22:43.432+0000 [id=84]	INFO	h.model.UpdateCenter$DownloadJob#run: Starting the installation of display-url-api on behalf of admin
2020-11-19 20:22:45.554+0000 [id=84]	INFO	h.m.UpdateCenter$UpdateCenterConfiguration#download: Downloading display-url-api
2020-11-19 20:22:45.604+0000 [id=84]	INFO	h.model.UpdateCenter$DownloadJob#run: Installation successful: display-url-api
2020-11-19 20:22:45.604+0000 [id=84]	INFO	h.model.UpdateCenter$DownloadJob#run: Starting the installation of checks-api on behalf of admin
2020-11-19 20:22:47.558+0000 [id=84]	INFO	h.m.UpdateCenter$UpdateCenterConfiguration#download: Downloading checks-api
2020-11-19 20:22:47.602+0000 [id=84]	INFO	h.model.UpdateCenter$DownloadJob#run: Installation successful: checks-api
2020-11-19 20:22:47.602+0000 [id=84]	INFO	h.model.UpdateCenter$DownloadJob#run: Starting the installation of junit on behalf of admin
2020-11-19 20:22:49.825+0000 [id=84]	INFO	h.m.UpdateCenter$UpdateCenterConfiguration#download: Downloading junit
2020-11-19 20:22:50.059+0000 [id=84]	INFO	h.model.UpdateCenter$DownloadJob#run: Installation successful: junit
2020-11-19 20:22:50.059+0000 [id=84]	INFO	h.model.UpdateCenter$DownloadJob#run: Starting the installation of matrix-project on behalf of admin
2020-11-19 20:22:52.126+0000 [id=84]	INFO	h.m.UpdateCenter$UpdateCenterConfiguration#download: Downloading matrix-project
2020-11-19 20:22:52.436+0000 [id=84]	INFO	h.model.UpdateCenter$DownloadJob#run: Installation successful: matrix-project
2020-11-19 20:22:52.436+0000 [id=84]	INFO	h.model.UpdateCenter$DownloadJob#run: Starting the installation of command-launcher on behalf of admin
2020-11-19 20:22:54.573+0000 [id=84]	INFO	h.m.UpdateCenter$UpdateCenterConfiguration#download: Downloading command-launcher
2020-11-19 20:22:54.693+0000 [id=84]	INFO	h.model.UpdateCenter$DownloadJob#run: Installation successful: command-launcher
2020-11-19 20:22:54.693+0000 [id=84]	INFO	h.model.UpdateCenter$DownloadJob#run: Starting the installation of resource-disposer on behalf of admin
2020-11-19 20:22:57.072+0000 [id=84]	INFO	h.m.UpdateCenter$UpdateCenterConfiguration#download: Downloading resource-disposer
2020-11-19 20:22:57.134+0000 [id=84]	INFO	h.model.UpdateCenter$DownloadJob#run: Installation successful: resource-disposer
2020-11-19 20:22:57.134+0000 [id=84]	INFO	h.model.UpdateCenter$DownloadJob#run: Starting the installation of ws-cleanup on behalf of admin
2020-11-19 20:22:59.151+0000 [id=84]	INFO	h.m.UpdateCenter$UpdateCenterConfiguration#download: Downloading ws-cleanup
2020-11-19 20:23:04.543+0000 [id=84]	INFO	h.model.UpdateCenter$DownloadJob#run: Installation successful: ws-cleanup
2020-11-19 20:23:04.544+0000 [id=84]	INFO	h.model.UpdateCenter$DownloadJob#run: Starting the installation of ant on behalf of admin
2020-11-19 20:23:06.513+0000 [id=84]	INFO	h.m.UpdateCenter$UpdateCenterConfiguration#download: Downloading ant
2020-11-19 20:23:06.591+0000 [id=84]	INFO	h.model.UpdateCenter$DownloadJob#run: Installation successful: ant
2020-11-19 20:23:06.591+0000 [id=84]	INFO	h.model.UpdateCenter$DownloadJob#run: Starting the installation of bouncycastle-api on behalf of admin
2020-11-19 20:23:08.609+0000 [id=84]	INFO	h.m.UpdateCenter$UpdateCenterConfiguration#download: Downloading bouncycastle-api
2020-11-19 20:23:11.227+0000 [id=84]	INFO	h.model.UpdateCenter$DownloadJob#run: Installation successful: bouncycastle-api
2020-11-19 20:23:11.227+0000 [id=84]	INFO	h.model.UpdateCenter$DownloadJob#run: Starting the installation of ace-editor on behalf of admin
2020-11-19 20:23:13.191+0000 [id=84]	INFO	h.m.UpdateCenter$UpdateCenterConfiguration#download: Downloading ace-editor
2020-11-19 20:23:16.080+0000 [id=84]	INFO	h.model.UpdateCenter$DownloadJob#run: Installation successful: ace-editor
2020-11-19 20:23:16.080+0000 [id=84]	INFO	h.model.UpdateCenter$DownloadJob#run: Starting the installation of workflow-scm-step on behalf of admin
2020-11-19 20:23:18.424+0000 [id=84]	INFO	h.m.UpdateCenter$UpdateCenterConfiguration#download: Downloading workflow-scm-step
2020-11-19 20:23:18.449+0000 [id=84]	INFO	h.model.UpdateCenter$DownloadJob#run: Installation successful: workflow-scm-step
2020-11-19 20:23:18.449+0000 [id=84]	INFO	h.model.UpdateCenter$DownloadJob#run: Starting the installation of workflow-cps on behalf of admin
2020-11-19 20:23:20.525+0000 [id=84]	INFO	h.m.UpdateCenter$UpdateCenterConfiguration#download: Downloading workflow-cps
2020-11-19 20:23:20.869+0000 [id=84]	INFO	h.model.UpdateCenter$DownloadJob#run: Installation successful: workflow-cps
2020-11-19 20:23:20.870+0000 [id=84]	INFO	h.model.UpdateCenter$DownloadJob#run: Starting the installation of workflow-job on behalf of admin
2020-11-19 20:23:22.736+0000 [id=84]	INFO	h.m.UpdateCenter$UpdateCenterConfiguration#download: Downloading workflow-job
2020-11-19 20:23:22.842+0000 [id=84]	INFO	h.model.UpdateCenter$DownloadJob#run: Installation successful: workflow-job
2020-11-19 20:23:22.842+0000 [id=84]	INFO	h.model.UpdateCenter$DownloadJob#run: Starting the installation of mailer on behalf of admin
2020-11-19 20:23:25.120+0000 [id=84]	INFO	h.m.UpdateCenter$UpdateCenterConfiguration#download: Downloading mailer
2020-11-19 20:23:25.254+0000 [id=84]	INFO	h.model.UpdateCenter$DownloadJob#run: Installation successful: mailer
2020-11-19 20:23:25.254+0000 [id=84]	INFO	h.model.UpdateCenter$DownloadJob#run: Starting the installation of apache-httpcomponents-client-4-api on behalf of admin
2020-11-19 20:23:27.324+0000 [id=84]	INFO	h.m.UpdateCenter$UpdateCenterConfiguration#download: Downloading apache-httpcomponents-client-4-api
2020-11-19 20:23:28.023+0000 [id=84]	INFO	h.model.UpdateCenter$DownloadJob#run: Installation successful: apache-httpcomponents-client-4-api
2020-11-19 20:23:28.023+0000 [id=84]	INFO	h.model.UpdateCenter$DownloadJob#run: Starting the installation of workflow-basic-steps on behalf of admin
2020-11-19 20:23:29.970+0000 [id=84]	INFO	h.m.UpdateCenter$UpdateCenterConfiguration#download: Downloading workflow-basic-steps
2020-11-19 20:23:30.054+0000 [id=84]	INFO	h.model.UpdateCenter$DownloadJob#run: Installation successful: workflow-basic-steps
2020-11-19 20:23:30.054+0000 [id=84]	INFO	h.model.UpdateCenter$DownloadJob#run: Starting the installation of gradle on behalf of admin
2020-11-19 20:23:32.038+0000 [id=84]	INFO	h.m.UpdateCenter$UpdateCenterConfiguration#download: Downloading gradle
2020-11-19 20:23:32.095+0000 [id=84]	INFO	h.model.UpdateCenter$DownloadJob#run: Installation successful: gradle
2020-11-19 20:23:32.095+0000 [id=84]	INFO	h.model.UpdateCenter$DownloadJob#run: Starting the installation of pipeline-milestone-step on behalf of admin
2020-11-19 20:23:34.080+0000 [id=84]	INFO	h.m.UpdateCenter$UpdateCenterConfiguration#download: Downloading pipeline-milestone-step
2020-11-19 20:23:34.126+0000 [id=84]	INFO	h.model.UpdateCenter$DownloadJob#run: Installation successful: pipeline-milestone-step
2020-11-19 20:23:34.126+0000 [id=84]	INFO	h.model.UpdateCenter$DownloadJob#run: Starting the installation of jquery-detached on behalf of admin
2020-11-19 20:23:36.203+0000 [id=84]	INFO	h.m.UpdateCenter$UpdateCenterConfiguration#download: Downloading jquery-detached
2020-11-19 20:23:36.433+0000 [id=84]	INFO	h.model.UpdateCenter$DownloadJob#run: Installation successful: jquery-detached
2020-11-19 20:23:36.433+0000 [id=84]	INFO	h.model.UpdateCenter$DownloadJob#run: Starting the installation of pipeline-input-step on behalf of admin
2020-11-19 20:23:38.381+0000 [id=84]	INFO	h.m.UpdateCenter$UpdateCenterConfiguration#download: Downloading pipeline-input-step
2020-11-19 20:23:38.412+0000 [id=84]	INFO	h.model.UpdateCenter$DownloadJob#run: Installation successful: pipeline-input-step
2020-11-19 20:23:38.412+0000 [id=84]	INFO	h.model.UpdateCenter$DownloadJob#run: Starting the installation of pipeline-stage-step on behalf of admin
2020-11-19 20:23:40.358+0000 [id=84]	INFO	h.m.UpdateCenter$UpdateCenterConfiguration#download: Downloading pipeline-stage-step
2020-11-19 20:23:40.402+0000 [id=84]	INFO	h.model.UpdateCenter$DownloadJob#run: Installation successful: pipeline-stage-step
2020-11-19 20:23:40.402+0000 [id=84]	INFO	h.model.UpdateCenter$DownloadJob#run: Starting the installation of pipeline-graph-analysis on behalf of admin
2020-11-19 20:23:42.397+0000 [id=84]	INFO	h.m.UpdateCenter$UpdateCenterConfiguration#download: Downloading pipeline-graph-analysis
2020-11-19 20:23:42.422+0000 [id=84]	INFO	h.model.UpdateCenter$DownloadJob#run: Installation successful: pipeline-graph-analysis
2020-11-19 20:23:42.422+0000 [id=84]	INFO	h.model.UpdateCenter$DownloadJob#run: Starting the installation of pipeline-rest-api on behalf of admin
2020-11-19 20:23:44.614+0000 [id=84]	INFO	h.m.UpdateCenter$UpdateCenterConfiguration#download: Downloading pipeline-rest-api
2020-11-19 20:23:44.654+0000 [id=84]	INFO	h.model.UpdateCenter$DownloadJob#run: Installation successful: pipeline-rest-api
2020-11-19 20:23:44.654+0000 [id=84]	INFO	h.model.UpdateCenter$DownloadJob#run: Starting the installation of handlebars on behalf of admin
2020-11-19 20:23:46.606+0000 [id=84]	INFO	h.m.UpdateCenter$UpdateCenterConfiguration#download: Downloading handlebars
2020-11-19 20:23:46.672+0000 [id=84]	INFO	h.model.UpdateCenter$DownloadJob#run: Installation successful: handlebars
2020-11-19 20:23:46.672+0000 [id=84]	INFO	h.model.UpdateCenter$DownloadJob#run: Starting the installation of momentjs on behalf of admin
2020-11-19 20:23:48.575+0000 [id=84]	INFO	h.m.UpdateCenter$UpdateCenterConfiguration#download: Downloading momentjs
2020-11-19 20:23:48.643+0000 [id=84]	INFO	h.model.UpdateCenter$DownloadJob#run: Installation successful: momentjs
2020-11-19 20:23:48.643+0000 [id=84]	INFO	h.model.UpdateCenter$DownloadJob#run: Starting the installation of pipeline-stage-view on behalf of admin
2020-11-19 20:23:50.593+0000 [id=84]	INFO	h.m.UpdateCenter$UpdateCenterConfiguration#download: Downloading pipeline-stage-view
2020-11-19 20:23:50.742+0000 [id=84]	INFO	h.model.UpdateCenter$DownloadJob#run: Installation successful: pipeline-stage-view
2020-11-19 20:23:50.742+0000 [id=84]	INFO	h.model.UpdateCenter$DownloadJob#run: Starting the installation of pipeline-build-step on behalf of admin
2020-11-19 20:23:52.667+0000 [id=84]	INFO	h.m.UpdateCenter$UpdateCenterConfiguration#download: Downloading pipeline-build-step
2020-11-19 20:23:52.712+0000 [id=84]	INFO	h.model.UpdateCenter$DownloadJob#run: Installation successful: pipeline-build-step
2020-11-19 20:23:52.712+0000 [id=84]	INFO	h.model.UpdateCenter$DownloadJob#run: Starting the installation of pipeline-model-api on behalf of admin
2020-11-19 20:23:54.629+0000 [id=84]	INFO	h.m.UpdateCenter$UpdateCenterConfiguration#download: Downloading pipeline-model-api
2020-11-19 20:23:55.675+0000 [id=84]	INFO	h.model.UpdateCenter$DownloadJob#run: Installation successful: pipeline-model-api
2020-11-19 20:23:55.675+0000 [id=84]	INFO	h.model.UpdateCenter$DownloadJob#run: Starting the installation of pipeline-model-extensions on behalf of admin
2020-11-19 20:23:57.645+0000 [id=84]	INFO	h.m.UpdateCenter$UpdateCenterConfiguration#download: Downloading pipeline-model-extensions
2020-11-19 20:23:57.685+0000 [id=84]	INFO	h.model.UpdateCenter$DownloadJob#run: Installation successful: pipeline-model-extensions
2020-11-19 20:23:57.685+0000 [id=84]	INFO	h.model.UpdateCenter$DownloadJob#run: Starting the installation of jsch on behalf of admin
2020-11-19 20:23:59.608+0000 [id=84]	INFO	h.m.UpdateCenter$UpdateCenterConfiguration#download: Downloading jsch
2020-11-19 20:23:59.728+0000 [id=84]	INFO	h.model.UpdateCenter$DownloadJob#run: Installation successful: jsch
2020-11-19 20:23:59.728+0000 [id=84]	INFO	h.model.UpdateCenter$DownloadJob#run: Starting the installation of git-client on behalf of admin
2020-11-19 20:24:01.698+0000 [id=84]	INFO	h.m.UpdateCenter$UpdateCenterConfiguration#download: Downloading git-client
2020-11-19 20:24:02.996+0000 [id=84]	INFO	h.model.UpdateCenter$DownloadJob#run: Installation successful: git-client
2020-11-19 20:24:02.997+0000 [id=84]	INFO	h.model.UpdateCenter$DownloadJob#run: Starting the installation of git-server on behalf of admin
2020-11-19 20:24:05.007+0000 [id=84]	INFO	h.m.UpdateCenter$UpdateCenterConfiguration#download: Downloading git-server
2020-11-19 20:24:05.051+0000 [id=84]	INFO	h.model.UpdateCenter$DownloadJob#run: Installation successful: git-server
2020-11-19 20:24:05.051+0000 [id=84]	INFO	h.model.UpdateCenter$DownloadJob#run: Starting the installation of workflow-cps-global-lib on behalf of admin
2020-11-19 20:24:07.061+0000 [id=84]	INFO	h.m.UpdateCenter$UpdateCenterConfiguration#download: Downloading workflow-cps-global-lib
2020-11-19 20:24:07.508+0000 [id=84]	INFO	h.model.UpdateCenter$DownloadJob#run: Installation successful: workflow-cps-global-lib
2020-11-19 20:24:07.508+0000 [id=84]	INFO	h.model.UpdateCenter$DownloadJob#run: Starting the installation of branch-api on behalf of admin
2020-11-19 20:24:09.847+0000 [id=84]	INFO	h.m.UpdateCenter$UpdateCenterConfiguration#download: Downloading branch-api
2020-11-19 20:24:10.141+0000 [id=84]	INFO	h.model.UpdateCenter$DownloadJob#run: Installation successful: branch-api
2020-11-19 20:24:10.141+0000 [id=84]	INFO	h.model.UpdateCenter$DownloadJob#run: Starting the installation of workflow-multibranch on behalf of admin
2020-11-19 20:24:12.199+0000 [id=84]	INFO	h.m.UpdateCenter$UpdateCenterConfiguration#download: Downloading workflow-multibranch
2020-11-19 20:24:12.282+0000 [id=84]	INFO	h.model.UpdateCenter$DownloadJob#run: Installation successful: workflow-multibranch
2020-11-19 20:24:12.282+0000 [id=84]	INFO	h.model.UpdateCenter$DownloadJob#run: Starting the installation of pipeline-stage-tags-metadata on behalf of admin
2020-11-19 20:24:14.266+0000 [id=84]	INFO	h.m.UpdateCenter$UpdateCenterConfiguration#download: Downloading pipeline-stage-tags-metadata
2020-11-19 20:24:14.298+0000 [id=84]	INFO	h.model.UpdateCenter$DownloadJob#run: Installation successful: pipeline-stage-tags-metadata
2020-11-19 20:24:14.298+0000 [id=84]	INFO	h.model.UpdateCenter$DownloadJob#run: Starting the installation of pipeline-model-definition on behalf of admin
2020-11-19 20:24:16.237+0000 [id=84]	INFO	h.m.UpdateCenter$UpdateCenterConfiguration#download: Downloading pipeline-model-definition
2020-11-19 20:24:16.985+0000 [id=84]	INFO	h.model.UpdateCenter$DownloadJob#run: Installation successful: pipeline-model-definition
2020-11-19 20:24:16.985+0000 [id=84]	INFO	h.model.UpdateCenter$DownloadJob#run: Starting the installation of lockable-resources on behalf of admin
2020-11-19 20:24:18.975+0000 [id=84]	INFO	h.m.UpdateCenter$UpdateCenterConfiguration#download: Downloading lockable-resources
2020-11-19 20:24:19.059+0000 [id=84]	INFO	h.model.UpdateCenter$DownloadJob#run: Installation successful: lockable-resources
2020-11-19 20:24:19.059+0000 [id=84]	INFO	h.model.UpdateCenter$DownloadJob#run: Starting the installation of workflow-aggregator on behalf of admin
2020-11-19 20:24:21.133+0000 [id=84]	INFO	h.m.UpdateCenter$UpdateCenterConfiguration#download: Downloading workflow-aggregator
2020-11-19 20:24:21.164+0000 [id=84]	INFO	h.model.UpdateCenter$DownloadJob#run: Installation successful: workflow-aggregator
2020-11-19 20:24:21.164+0000 [id=84]	INFO	h.model.UpdateCenter$DownloadJob#run: Starting the installation of okhttp-api on behalf of admin
2020-11-19 20:24:23.124+0000 [id=84]	INFO	h.m.UpdateCenter$UpdateCenterConfiguration#download: Downloading okhttp-api
2020-11-19 20:24:23.434+0000 [id=84]	INFO	h.model.UpdateCenter$DownloadJob#run: Installation successful: okhttp-api
2020-11-19 20:24:23.434+0000 [id=84]	INFO	h.model.UpdateCenter$DownloadJob#run: Starting the installation of github-api on behalf of admin
2020-11-19 20:24:25.463+0000 [id=84]	INFO	h.m.UpdateCenter$UpdateCenterConfiguration#download: Downloading github-api
2020-11-19 20:24:26.038+0000 [id=84]	INFO	h.model.UpdateCenter$DownloadJob#run: Installation successful: github-api
2020-11-19 20:24:26.038+0000 [id=84]	INFO	h.model.UpdateCenter$DownloadJob#run: Starting the installation of git on behalf of admin
2020-11-19 20:24:28.231+0000 [id=84]	INFO	h.m.UpdateCenter$UpdateCenterConfiguration#download: Downloading git
2020-11-19 20:24:28.682+0000 [id=84]	INFO	h.model.UpdateCenter$DownloadJob#run: Installation successful: git
2020-11-19 20:24:28.683+0000 [id=84]	INFO	h.model.UpdateCenter$DownloadJob#run: Starting the installation of github on behalf of admin
2020-11-19 20:24:30.661+0000 [id=84]	INFO	h.m.UpdateCenter$UpdateCenterConfiguration#download: Downloading github
2020-11-19 20:24:31.122+0000 [id=84]	INFO	h.model.UpdateCenter$DownloadJob#run: Installation successful: github
2020-11-19 20:24:31.122+0000 [id=84]	INFO	h.model.UpdateCenter$DownloadJob#run: Starting the installation of github-branch-source on behalf of admin
2020-11-19 20:24:33.134+0000 [id=84]	INFO	h.m.UpdateCenter$UpdateCenterConfiguration#download: Downloading github-branch-source
2020-11-19 20:24:33.469+0000 [id=84]	INFO	h.model.UpdateCenter$DownloadJob#run: Installation successful: github-branch-source
2020-11-19 20:24:33.469+0000 [id=84]	INFO	h.model.UpdateCenter$DownloadJob#run: Starting the installation of pipeline-github-lib on behalf of admin
2020-11-19 20:24:35.479+0000 [id=84]	INFO	h.m.UpdateCenter$UpdateCenterConfiguration#download: Downloading pipeline-github-lib
2020-11-19 20:24:35.515+0000 [id=84]	INFO	h.model.UpdateCenter$DownloadJob#run: Installation successful: pipeline-github-lib
2020-11-19 20:24:35.515+0000 [id=84]	INFO	h.model.UpdateCenter$DownloadJob#run: Starting the installation of pipeline-stage-view on behalf of admin
2020-11-19 20:24:35.515+0000 [id=84]	INFO	h.m.UpdateCenter$InstallationJob#_run: Skipping duplicate install of: Pipeline: Stage View@2.18
2020-11-19 20:24:35.515+0000 [id=84]	INFO	h.model.UpdateCenter$DownloadJob#run: Installation successful: pipeline-stage-view
2020-11-19 20:24:35.515+0000 [id=84]	INFO	h.model.UpdateCenter$DownloadJob#run: Starting the installation of git on behalf of admin
2020-11-19 20:24:35.515+0000 [id=84]	INFO	h.m.UpdateCenter$InstallationJob#_run: Skipping duplicate install of: Git@4.4.5
2020-11-19 20:24:35.515+0000 [id=84]	INFO	h.model.UpdateCenter$DownloadJob#run: Installation successful: git
2020-11-19 20:24:35.515+0000 [id=84]	INFO	h.model.UpdateCenter$DownloadJob#run: Starting the installation of ssh-slaves on behalf of admin
2020-11-19 20:24:37.470+0000 [id=84]	INFO	h.m.UpdateCenter$UpdateCenterConfiguration#download: Downloading ssh-slaves
2020-11-19 20:24:37.586+0000 [id=84]	INFO	h.model.UpdateCenter$DownloadJob#run: Installation successful: ssh-slaves
2020-11-19 20:24:37.586+0000 [id=84]	INFO	h.model.UpdateCenter$DownloadJob#run: Starting the installation of matrix-auth on behalf of admin
2020-11-19 20:24:39.605+0000 [id=84]	INFO	h.m.UpdateCenter$UpdateCenterConfiguration#download: Downloading matrix-auth
2020-11-19 20:24:39.676+0000 [id=84]	INFO	h.model.UpdateCenter$DownloadJob#run: Installation successful: matrix-auth
2020-11-19 20:24:39.677+0000 [id=84]	INFO	h.model.UpdateCenter$DownloadJob#run: Starting the installation of pam-auth on behalf of admin
2020-11-19 20:24:41.577+0000 [id=84]	INFO	h.m.UpdateCenter$UpdateCenterConfiguration#download: Downloading pam-auth
2020-11-19 20:24:42.726+0000 [id=84]	INFO	h.model.UpdateCenter$DownloadJob#run: Installation successful: pam-auth
2020-11-19 20:24:42.726+0000 [id=84]	INFO	h.model.UpdateCenter$DownloadJob#run: Starting the installation of ldap on behalf of admin
2020-11-19 20:24:44.745+0000 [id=84]	INFO	h.m.UpdateCenter$UpdateCenterConfiguration#download: Downloading ldap
2020-11-19 20:24:45.140+0000 [id=84]	INFO	h.model.UpdateCenter$DownloadJob#run: Installation successful: ldap
2020-11-19 20:24:45.140+0000 [id=84]	INFO	h.model.UpdateCenter$DownloadJob#run: Starting the installation of email-ext on behalf of admin
2020-11-19 20:24:47.215+0000 [id=84]	INFO	h.m.UpdateCenter$UpdateCenterConfiguration#download: Downloading email-ext
2020-11-19 20:24:48.550+0000 [id=84]	INFO	h.model.UpdateCenter$DownloadJob#run: Installation successful: email-ext
2020-11-19 20:24:48.550+0000 [id=84]	INFO	h.model.UpdateCenter$DownloadJob#run: Starting the installation of mailer on behalf of admin
2020-11-19 20:24:48.550+0000 [id=84]	INFO	h.m.UpdateCenter$InstallationJob#_run: Skipping duplicate install of: Mailer@1.32.1
2020-11-19 20:24:48.550+0000 [id=84]	INFO	h.model.UpdateCenter$DownloadJob#run: Installation successful: mailer
2020-11-19 20:24:48.550+0000 [id=84]	INFO	h.m.UpdateCenter$CompleteBatchJob#run: Completing installing of plugin batch…
2020-11-19 20:24:53.835+0000 [id=84]	INFO	h.m.DownloadService$Downloadable#load: Obtained the updated data file for hudson.tools.JDKInstaller
2020-11-19 20:24:54.296+0000 [id=84]	INFO	h.m.DownloadService$Downloadable#load: Obtained the updated data file for hudson.tasks.Ant.AntInstaller
2020-11-19 20:24:54.692+0000 [id=84]	INFO	h.m.DownloadService$Downloadable#load: Obtained the updated data file for hudson.plugins.gradle.GradleInstaller
2020-11-19 20:24:55.082+0000 [id=253]	INFO	jenkins.InitReactorRunner$1#onAttained: Started initialization
2020-11-19 20:24:55.085+0000 [id=263]	INFO	jenkins.InitReactorRunner$1#onAttained: Listed all plugins
2020-11-19 20:24:55.086+0000 [id=268]	INFO	jenkins.InitReactorRunner$1#onAttained: Prepared all plugins
2020-11-19 20:24:55.087+0000 [id=256]	INFO	jenkins.InitReactorRunner$1#onAttained: Started all plugins
2020-11-19 20:24:55.105+0000 [id=258]	INFO	jenkins.InitReactorRunner$1#onAttained: Augmented all extensions
2020-11-19 20:24:55.105+0000 [id=257]	INFO	jenkins.InitReactorRunner$1#onAttained: System config loaded
2020-11-19 20:24:55.105+0000 [id=264]	INFO	jenkins.InitReactorRunner$1#onAttained: System config adapted
2020-11-19 20:24:55.127+0000 [id=262]	INFO	jenkins.InitReactorRunner$1#onAttained: Loaded all jobs
2020-11-19 20:24:55.127+0000 [id=261]	INFO	jenkins.InitReactorRunner$1#onAttained: Configuration for all jobs updated
2020-11-19 20:24:55.427+0000 [id=259]	INFO	jenkins.InitReactorRunner$1#onAttained: Completed initialization
2020-11-19 20:24:55.430+0000 [id=84]	INFO	h.m.UpdateCenter$CompleteBatchJob#run: Completed installation of 77 plugins in 3 min 28 sec
